<?xml version="1.0" encoding="UTF-8"?>
<!-- Generated by org.testng.reporters.JUnitReportReporter -->
<testsuite hostname="c05c7ddf6d9f" failures="0" tests="20" name="org.example.test.flightreservation.FlightReservationTest" time="57.639" errors="0" timestamp="2024-02-04T23:38:29 GMT" skipped="0">
  <testcase classname="org.example.test.flightreservation.FlightReservationTest" name="flightSearchTest" time="2.680"/>
  <testcase classname="org.example.test.flightreservation.FlightReservationTest" name="flightSelectionTest" time="2.602"/>
  <testcase classname="org.example.test.flightreservation.FlightReservationTest" name="flightSearchTest" time="2.628"/>
  <testcase classname="org.example.test.flightreservation.FlightReservationTest" name="registrationConfirmationTest" time="2.500"/>
  <testcase classname="org.example.test.flightreservation.FlightReservationTest" name="flightReservationConfirmation" time="1.069"/>
  <testcase classname="org.example.test.flightreservation.FlightReservationTest" name="flightReservationConfirmation" time="2.235"/>
  <testcase classname="org.example.test.flightreservation.FlightReservationTest" name="userRegistration" time="5.777"/>
  <testcase classname="org.example.test.flightreservation.FlightReservationTest" name="flightSearchTest" time="2.894"/>
  <testcase classname="org.example.test.flightreservation.FlightReservationTest" name="userRegistration" time="4.850"/>
  <testcase classname="org.example.test.flightreservation.FlightReservationTest" name="registrationConfirmationTest" time="1.591"/>
  <testcase classname="org.example.test.flightreservation.FlightReservationTest" name="flightReservationConfirmation" time="2.291"/>
  <testcase classname="org.example.test.flightreservation.FlightReservationTest" name="registrationConfirmationTest" time="2.480"/>
  <testcase classname="org.example.test.flightreservation.FlightReservationTest" name="registrationConfirmationTest" time="1.480"/>
  <testcase classname="org.example.test.flightreservation.FlightReservationTest" name="flightSelectionTest" time="2.000"/>
  <testcase classname="org.example.test.flightreservation.FlightReservationTest" name="flightReservationConfirmation" time="1.750"/>
  <testcase classname="org.example.test.flightreservation.FlightReservationTest" name="userRegistration" time="4.892"/>
  <testcase classname="org.example.test.flightreservation.FlightReservationTest" name="userRegistration" time="7.084"/>
  <testcase classname="org.example.test.flightreservation.FlightReservationTest" name="flightSelectionTest" time="1.987"/>
  <testcase classname="org.example.test.flightreservation.FlightReservationTest" name="flightSearchTest" time="2.269"/>
  <testcase classname="org.example.test.flightreservation.FlightReservationTest" name="flightSelectionTest" time="2.580"/>
</testsuite> <!-- org.example.test.flightreservation.FlightReservationTest -->
