<?xml version="1.0" encoding="UTF-8"?>
<!-- Generated by org.testng.reporters.JUnitReportReporter -->
<testsuite hostname="c05c7ddf6d9f" failures="0" tests="9" name="org.example.test.vendorportal.VendorPortalTest" time="18.508" errors="0" timestamp="2024-02-04T23:37:13 GMT" skipped="0">
  <testcase classname="org.example.test.vendorportal.VendorPortalTest" name="logoutTest" time="1.504"/>
  <testcase classname="org.example.test.vendorportal.VendorPortalTest" name="dashBoardTest" time="2.475"/>
  <testcase classname="org.example.test.vendorportal.VendorPortalTest" name="logoutTest" time="1.091"/>
  <testcase classname="org.example.test.vendorportal.VendorPortalTest" name="loginTest" time="2.178"/>
  <testcase classname="org.example.test.vendorportal.VendorPortalTest" name="loginTest" time="1.850"/>
  <testcase classname="org.example.test.vendorportal.VendorPortalTest" name="dashBoardTest" time="3.018"/>
  <testcase classname="org.example.test.vendorportal.VendorPortalTest" name="loginTest" time="2.196"/>
  <testcase classname="org.example.test.vendorportal.VendorPortalTest" name="dashBoardTest" time="3.039"/>
  <testcase classname="org.example.test.vendorportal.VendorPortalTest" name="logoutTest" time="1.157"/>
</testsuite> <!-- org.example.test.vendorportal.VendorPortalTest -->
